<?xml version="1.0" encoding="UTF-8"?>
<!-- Generated by org.testng.reporters.JUnitXMLReporter -->
<testsuite ignored="0" hostname="Satya_Sep20" failures="1" tests="15" name="Default test" time="183.766" errors="0" timestamp="2026-03-05T21:18:00 PST">
  <testcase classname="Test.TC08_LinkedList" name="verifyStaticContent" time="0.288"/>
  <testcase classname="Test.TC08_LinkedList" name="verifyStaticContent" time="0.212"/>
  <testcase classname="Test.TC08_LinkedList" name="verifyTopicLinks" time="0.585"/>
  <testcase classname="Test.TC08_LinkedList" name="verifyTopicNavigation" time="1.445"/>
  <testcase classname="Test.TC08_LinkedList" name="verifyTopicNavigation" time="1.247"/>
  <testcase classname="Test.TC08_LinkedList" name="verifyTopicNavigation" time="1.659"/>
  <testcase classname="Test.TC08_LinkedList" name="verifyTopicNavigation" time="3.018"/>
  <testcase classname="Test.TC08_LinkedList" name="verifyTopicNavigation" time="1.578"/>
  <testcase classname="Test.TC08_LinkedList" name="verifyTopicNavigation" time="1.383"/>
  <testcase classname="Test.TC08_LinkedList" name="verifyTopicNavigation" time="1.433"/>
  <testcase classname="Test.TC08_LinkedList" name="verifyTryHereButton" time="0.066"/>
  <testcase classname="Test.TC08_LinkedList" name="verifyTryHereEditorOpens" time="1.323"/>
  <testcase classname="Test.TC08_LinkedList" name="verifyPracticeQuestionsLink" time="0.111"/>
  <testcase classname="Test.TC08_LinkedList" name="verifyPracticeQuestionsPage" time="2.445"/>
  <testcase classname="Test.TC08_LinkedList" name="verifyPracticeQuestionList" time="41.092">
    <failure type="java.lang.AssertionError" message="Practice question list is empty expected [true] but found [false]">
      <![CDATA[java.lang.AssertionError: Practice question list is empty expected [true] but found [false]
at org.testng.Assert.fail(Assert.java:111)
at org.testng.Assert.failNotEquals(Assert.java:1590)
at org.testng.Assert.assertTrue(Assert.java:57)
at Test.TC08_LinkedList.verifyPracticeQuestionList(TC08_LinkedList.java:117)
at java.base/jdk.internal.reflect.DirectMethodHandleAccessor.invoke(DirectMethodHandleAccessor.java:103)
at java.base/java.lang.reflect.Method.invoke(Method.java:580)
at org.testng.internal.invokers.MethodInvocationHelper.invokeMethod(MethodInvocationHelper.java:141)
at org.testng.internal.invokers.TestInvoker.invokeMethod(TestInvoker.java:687)
at org.testng.internal.invokers.TestInvoker.invokeTestMethod(TestInvoker.java:230)
at org.testng.internal.invokers.MethodRunner.runInSequence(MethodRunner.java:63)
at org.testng.internal.invokers.TestInvoker$MethodInvocationAgent.invoke(TestInvoker.java:995)
at org.testng.internal.invokers.TestInvoker.invokeTestMethods(TestInvoker.java:203)
at org.testng.internal.invokers.TestMethodWorker.invokeTestMethods(TestMethodWorker.java:154)
at org.testng.internal.invokers.TestMethodWorker.run(TestMethodWorker.java:134)
at java.base/java.util.ArrayList.forEach(ArrayList.java:1596)
at org.testng.TestRunner.privateRun(TestRunner.java:741)
at org.testng.TestRunner.run(TestRunner.java:616)
at org.testng.SuiteRunner.runTest(SuiteRunner.java:421)
at org.testng.SuiteRunner.runSequentially(SuiteRunner.java:413)
at org.testng.SuiteRunner.privateRun(SuiteRunner.java:373)
at org.testng.SuiteRunner.run(SuiteRunner.java:312)
at org.testng.SuiteRunnerWorker.runSuite(SuiteRunnerWorker.java:52)
at org.testng.SuiteRunnerWorker.run(SuiteRunnerWorker.java:95)
at org.testng.TestNG.runSuitesSequentially(TestNG.java:1274)
at org.testng.TestNG.runSuitesLocally(TestNG.java:1208)
at org.testng.TestNG.runSuites(TestNG.java:1112)
at org.testng.TestNG.run(TestNG.java:1079)
at org.testng.remote.AbstractRemoteTestNG.run(AbstractRemoteTestNG.java:115)
at org.testng.remote.RemoteTestNG.initAndRun(RemoteTestNG.java:293)
at org.testng.remote.RemoteTestNG.main(RemoteTestNG.java:91)
]]>
    </failure>
  </testcase> <!-- verifyPracticeQuestionList -->
</testsuite> <!-- Default test -->
