<?xml version="1.0" encoding="UTF-8"?>
<!-- Generated by org.testng.reporters.JUnitXMLReporter -->
<testsuite ignored="1" hostname="thinkramarag" failures="1" tests="1" name="Test" time="0.14" errors="0" timestamp="2026-02-26T10:52:32 PST">
  <testcase classname="Test.TC01_launch" name="verifyTitle" time="0.026">
    <failure type="java.lang.NullPointerException" message="Cannot invoke &amp;quot;org.openqa.selenium.WebDriver.getTitle()&amp;quot; because the return value of &amp;quot;DriverManager.DriverFactory.getDriver()&amp;quot; is null">
      <![CDATA[java.lang.NullPointerException: Cannot invoke "org.openqa.selenium.WebDriver.getTitle()" because the return value of "DriverManager.DriverFactory.getDriver()" is null
at utils.ElementUtil.getTitle(ElementUtil.java:12)
at Test.TC01_launch.verifyTitle(TC01_launch.java:15)
at java.base/java.util.ArrayList.forEach(ArrayList.java:1596)
... Removed 25 stack frames]]>
    </failure>
  </testcase> <!-- verifyTitle -->
  <testcase classname="Test.Hooks" name="@BeforeSuite setBrowser" time="0.0">
    <ignored/>
  </testcase> <!-- @BeforeSuite setBrowser -->
</testsuite> <!-- Test -->
