<?xml version="1.0" encoding="UTF-8"?>
<testng-results ignored="0" total="1" passed="1" failed="0" skipped="0">
  <reporter-output>
  </reporter-output>
  <suite started-at="2026-02-26T10:56:25 PST" name="Default suite" finished-at="2026-02-26T10:56:32 PST" duration-ms="7525">
    <groups>
    </groups>
    <test started-at="2026-02-26T10:56:25 PST" name="Default test" finished-at="2026-02-26T10:56:32 PST" duration-ms="7525">
      <class name="Test.TC01_launch">
        <test-method is-config="true" signature="setBrowser(java.lang.String)[pri:0, instance:Test.TC01_launch@58783f6c]" started-at="2026-02-26T10:56:25 PST" name="setBrowser" finished-at="2026-02-26T10:56:25 PST" duration-ms="137" status="PASS">
          <params>
            <param index="0">
              <value>
                <![CDATA[chrome]]>
              </value>
            </param>
          </params>
          <reporter-output>
          </reporter-output>
        </test-method> <!-- setBrowser -->
        <test-method is-config="true" signature="setUp()[pri:0, instance:Test.TC01_launch@58783f6c]" started-at="2026-02-26T10:56:25 PST" name="setUp" finished-at="2026-02-26T10:56:32 PST" duration-ms="7247" status="PASS">
          <reporter-output>
          </reporter-output>
        </test-method> <!-- setUp -->
        <test-method signature="verifyTitle()[pri:0, instance:Test.TC01_launch@58783f6c]" started-at="2026-02-26T10:56:32 PST" name="verifyTitle" finished-at="2026-02-26T10:56:32 PST" duration-ms="100" status="PASS">
          <reporter-output>
          </reporter-output>
        </test-method> <!-- verifyTitle -->
      </class> <!-- Test.TC01_launch -->
    </test> <!-- Default test -->
  </suite> <!-- Default suite -->
</testng-results>
