<?xml version="1.0" encoding="UTF-8"?>
<!-- Generated by org.testng.reporters.JUnitReportReporter -->
<testsuite hostname="Satya_Sep20" failures="0" tests="5" name="Test.TC01_launch" time="0.315" errors="0" timestamp="2026-02-26T23:12:16 PST" skipped="0">
  <testcase classname="Test.TC01_launch" name="verifyContentText" time="0.014"/>
  <testcase classname="Test.TC01_launch" name="verifyButtonText" time="0.075"/>
  <testcase classname="Test.TC01_launch" name="verifyButtonCount" time="0.175"/>
  <testcase classname="Test.TC01_launch" name="verifyTitle" time="0.031"/>
  <testcase classname="Test.TC01_launch" name="verifyContentText" time="0.020"/>
</testsuite> <!-- Test.TC01_launch -->
